<?xml version="1.0" encoding="UTF-8"?>
<!-- Generated by org.testng.reporters.JUnitReportReporter -->
<testsuite hostname="Anushka-kushawaha" failures="0" tests="1" name="com.sd.testLayer.VerifyProductPage" time="10.544" errors="0" timestamp="2024-09-16T17:01:44 IST" skipped="0">
  <testcase classname="com.sd.testLayer.VerifyProductPage" name="verifyProcutDetails" time="10.544"/>
</testsuite> <!-- com.sd.testLayer.VerifyProductPage -->
