<?xml version="1.0" encoding="UTF-8"?>
<!-- Generated by org.testng.reporters.JUnitReportReporter -->
<testsuite hostname="Anushka-kushawaha" failures="0" tests="1" name="com.sd.testLayer.LoginPageTest" time="14.476" errors="0" timestamp="2024-09-16T17:00:17 IST" skipped="0">
  <testcase classname="com.sd.testLayer.LoginPageTest" name="verifyLoginPageWithEmptyFields" time="14.476"/>
</testsuite> <!-- com.sd.testLayer.LoginPageTest -->
